18:49:05 **** Incremental Build of configuration Debug for project Modules & Drivers ****
Info: Internal Builder is used for build
gcc -O0 -g3 -Wall -c -fmessage-length=0 -o Pressure_Sensor.o "..\\Pressure_Sensor.c" 
In file included from ..\BareMetalDriver.h:8,
                 from ..\States.h:5,
                 from ..\Pressure_Sensor.h:5,
                 from ..\Pressure_Sensor.c:2:
..\EclipseBugsCorrections.h:11:1: warning: multi-line comment [-Wcomment]
   11 | // #define DPRINTF(...) {fflush(stdin); \
      | ^
..\Pressure_Sensor.c: In function 'ST_ReadingPressureVal':
..\Pressure_Sensor.c:23:10: warning: implicit declaration of function 'DPRINTF' [-Wimplicit-function-declaration]
   23 |          DPRINTF("...Reading Pressure @ %d bars/s\n",pval);
      |          ^~~~~~~
gcc -O0 -g3 -Wall -c -fmessage-length=0 -o BareMetalDriver.o "..\\BareMetalDriver.c" 
In file included from ..\BareMetalDriver.h:8,
                 from ..\BareMetalDriver.c:2:
..\EclipseBugsCorrections.h:11:1: warning: multi-line comment [-Wcomment]
   11 | // #define DPRINTF(...) {fflush(stdin); \
      | ^
gcc -O0 -g3 -Wall -c -fmessage-length=0 -o Flash_Memory_Driver.o "..\\Flash_Memory_Driver.c" 
In file included from ..\Flash_Memory_Driver.h:9,
                 from ..\Flash_Memory_Driver.c:2:
..\EclipseBugsCorrections.h:11:1: warning: multi-line comment [-Wcomment]
   11 | // #define DPRINTF(...) {fflush(stdin); \
      | ^
gcc -O0 -g3 -Wall -c -fmessage-length=0 -o Alarm_Indicator_Driver.o "..\\Alarm_Indicator_Driver.c" 
In file included from ..\BareMetalDriver.h:8,
                 from ..\States.h:5,
                 from ..\Alarm_Indicator_Driver.h:5,
                 from ..\Alarm_Indicator_Driver.c:2:
..\EclipseBugsCorrections.h:11:1: warning: multi-line comment [-Wcomment]
   11 | // #define DPRINTF(...) {fflush(stdin); \
      | ^
gcc -O0 -g3 -Wall -c -fmessage-length=0 -o Alarm_Buzzer_Driver.o "..\\Alarm_Buzzer_Driver.c" 
In file included from ..\BareMetalDriver.h:8,
                 from ..\States.h:5,
                 from ..\Alarm_Buzzer_Driver.h:5,
                 from ..\Alarm_Buzzer_Driver.c:2:
..\EclipseBugsCorrections.h:11:1: warning: multi-line comment [-Wcomment]
   11 | // #define DPRINTF(...) {fflush(stdin); \
      | ^
gcc -O0 -g3 -Wall -c -fmessage-length=0 -o Main_Algorithm.o "..\\Main_Algorithm.c" 
In file included from ..\Flash_Memory_Driver.h:9,
                 from ..\Main_Init.h:5,
                 from ..\Main_Algorithm.c:6:
..\EclipseBugsCorrections.h:11:1: warning: multi-line comment [-Wcomment]
   11 | // #define DPRINTF(...) {fflush(stdin); \
      | ^
In file included from ..\BareMetalDriver.h:8,
                 from ..\States.h:5,
                 from ..\Main_Algorithm.c:7:
..\EclipseBugsCorrections.h:11:1: warning: multi-line comment [-Wcomment]
   11 | // #define DPRINTF(...) {fflush(stdin); \
      | ^
gcc -O0 -g3 -Wall -c -fmessage-length=0 -o Alarm_manager.o "..\\Alarm_manager.c" 
In file included from ..\BareMetalDriver.h:8,
                 from ..\States.h:5,
                 from ..\Alarm_manager.h:12,
                 from ..\Alarm_manager.c:2:
..\EclipseBugsCorrections.h:11:1: warning: multi-line comment [-Wcomment]
   11 | // #define DPRINTF(...) {fflush(stdin); \
      | ^
gcc -o "Modules & Drivers.exe" Alarm_Buzzer_Driver.o Alarm_Indicator_Driver.o Alarm_manager.o BareMetalDriver.o Flash_Memory_Driver.o Main_Algorithm.o Pressure_Sensor.o 
c:/mingw/bin/../lib/gcc/x86_64-w64-mingw32/12.1.0/../../../../x86_64-w64-mingw32/bin/ld.exe: Pressure_Sensor.o: in function `ST_ReadingPressureVal':
D:\Embedded SW Engineering\New Repo & Workspace\6. Cabinet High Pressure Detection System Project\Modules & Drivers\Debug/../Pressure_Sensor.c:22: undefined reference to `generate_random'
c:/mingw/bin/../lib/gcc/x86_64-w64-mingw32/12.1.0/../../../../x86_64-w64-mingw32/bin/ld.exe: D:\Embedded SW Engineering\New Repo & Workspace\6. Cabinet High Pressure Detection System Project\Modules & Drivers\Debug/../Pressure_Sensor.c:23: undefined reference to `DPRINTF'
collect2.exe: error: ld returned 1 exit status

18:49:06 Build Failed. 3 errors, 9 warnings. (took 1s.137ms)

